Collecting spacy
  Downloading spacy-3.8.11-cp314-cp314-win_amd64.whl.metadata (28 kB)
Collecting spacy-legacy<3.1.0,>=3.0.11 (from spacy)
  Downloading spacy_legacy-3.0.12-py2.py3-none-any.whl.metadata (2.8 kB)
Collecting spacy-loggers<2.0.0,>=1.0.0 (from spacy)
  Downloading spacy_loggers-1.0.5-py3-none-any.whl.metadata (23 kB)
Collecting murmurhash<1.1.0,>=0.28.0 (from spacy)
  Downloading murmurhash-1.0.15-cp314-cp314-win_amd64.whl.metadata (2.3 kB)
Collecting cymem<2.1.0,>=2.0.2 (from spacy)
  Downloading cymem-2.0.13-cp314-cp314-win_amd64.whl.metadata (9.9 kB)
Collecting preshed<3.1.0,>=3.0.2 (from spacy)
  Downloading preshed-3.0.12-cp314-cp314-win_amd64.whl.metadata (2.6 kB)
Collecting thinc<8.4.0,>=8.3.4 (from spacy)
  Downloading thinc-8.3.10-cp314-cp314-win_amd64.whl.metadata (15 kB)
Collecting wasabi<1.2.0,>=0.9.1 (from spacy)
  Downloading wasabi-1.1.3-py3-none-any.whl.metadata (28 kB)
Collecting srsly<3.0.0,>=2.4.3 (from spacy)
  Downloading srsly-2.5.2-cp314-cp314-win_amd64.whl.metadata (20 kB)
Collecting catalogue<2.1.0,>=2.0.6 (from spacy)
  Downloading catalogue-2.0.10-py3-none-any.whl.metadata (14 kB)
Collecting weasel<0.5.0,>=0.4.2 (from spacy)
  Downloading weasel-0.4.3-py3-none-any.whl.metadata (4.6 kB)
Collecting typer-slim<1.0.0,>=0.3.0 (from spacy)
  Downloading typer_slim-0.21.1-py3-none-any.whl.metadata (16 kB)
Requirement already satisfied: tqdm<5.0.0,>=4.38.0 in c:\users\shtando\appdata\local\programs\python\python314\lib\site-packages (from spacy) (4.67.1)
Requirement already satisfied: numpy>=1.19.0 in c:\users\shtando\appdata\local\programs\python\python314\lib\site-packages (from spacy) (2.3.4)
Requirement already satisfied: requests<3.0.0,>=2.13.0 in c:\users\shtando\appdata\local\programs\python\python314\lib\site-packages (from spacy) (2.32.5)
Requirement already satisfied: pydantic!=1.8,!=1.8.1,<3.0.0,>=1.7.4 in c:\users\shtando\appdata\local\programs\python\python314\lib\site-packages (from spacy) (2.12.3)
Requirement already satisfied: jinja2 in c:\users\shtando\appdata\local\programs\python\python314\lib\site-packages (from spacy) (3.1.6)
Requirement already satisfied: setuptools in c:\users\shtando\appdata\local\programs\python\python314\lib\site-packages (from spacy) (80.9.0)
Requirement already satisfied: packaging>=20.0 in c:\users\shtando\appdata\roaming\python\python314\site-packages (from spacy) (25.0)
Requirement already satisfied: annotated-types>=0.6.0 in c:\users\shtando\appdata\local\programs\python\python314\lib\site-packages (from pydantic!=1.8,!=1.8.1,<3.0.0,>=1.7.4->spacy) (0.7.0)
Requirement already satisfied: pydantic-core==2.41.4 in c:\users\shtando\appdata\local\programs\python\python314\lib\site-packages (from pydantic!=1.8,!=1.8.1,<3.0.0,>=1.7.4->spacy) (2.41.4)
Requirement already satisfied: typing-extensions>=4.14.1 in c:\users\shtando\appdata\local\programs\python\python314\lib\site-packages (from pydantic!=1.8,!=1.8.1,<3.0.0,>=1.7.4->spacy) (4.15.0)
Requirement already satisfied: typing-inspection>=0.4.2 in c:\users\shtando\appdata\local\programs\python\python314\lib\site-packages (from pydantic!=1.8,!=1.8.1,<3.0.0,>=1.7.4->spacy) (0.4.2)
Requirement already satisfied: charset_normalizer<4,>=2 in c:\users\shtando\appdata\local\programs\python\python314\lib\site-packages (from requests<3.0.0,>=2.13.0->spacy) (3.4.4)
Requirement already satisfied: idna<4,>=2.5 in c:\users\shtando\appdata\local\programs\python\python314\lib\site-packages (from requests<3.0.0,>=2.13.0->spacy) (3.11)
Requirement already satisfied: urllib3<3,>=1.21.1 in c:\users\shtando\appdata\local\programs\python\python314\lib\site-packages (from requests<3.0.0,>=2.13.0->spacy) (2.5.0)
Requirement already satisfied: certifi>=2017.4.17 in c:\users\shtando\appdata\local\programs\python\python314\lib\site-packages (from requests<3.0.0,>=2.13.0->spacy) (2025.10.5)
Collecting blis<1.4.0,>=1.3.0 (from thinc<8.4.0,>=8.3.4->spacy)
  Downloading blis-1.3.3-cp314-cp314-win_amd64.whl.metadata (7.7 kB)
Collecting confection<1.0.0,>=0.0.1 (from thinc<8.4.0,>=8.3.4->spacy)
  Downloading confection-0.1.5-py3-none-any.whl.metadata (19 kB)
Requirement already satisfied: colorama in c:\users\shtando\appdata\roaming\python\python314\site-packages (from tqdm<5.0.0,>=4.38.0->spacy) (0.4.6)
Requirement already satisfied: click>=8.0.0 in c:\users\shtando\appdata\local\programs\python\python314\lib\site-packages (from typer-slim<1.0.0,>=0.3.0->spacy) (8.3.0)
Collecting cloudpathlib<1.0.0,>=0.7.0 (from weasel<0.5.0,>=0.4.2->spacy)
  Downloading cloudpathlib-0.23.0-py3-none-any.whl.metadata (16 kB)
Collecting smart-open<8.0.0,>=5.2.1 (from weasel<0.5.0,>=0.4.2->spacy)
  Downloading smart_open-7.5.0-py3-none-any.whl.metadata (24 kB)
Collecting wrapt (from smart-open<8.0.0,>=5.2.1->weasel<0.5.0,>=0.4.2->spacy)
  Downloading wrapt-2.0.1-cp314-cp314-win_amd64.whl.metadata (9.2 kB)
Requirement already satisfied: MarkupSafe>=2.0 in c:\users\shtando\appdata\local\programs\python\python314\lib\site-packages (from jinja2->spacy) (3.0.3)
Downloading spacy-3.8.11-cp314-cp314-win_amd64.whl (14.4 MB)
   ---------------------------------------- 0.0/14.4 MB ? eta -:--:--
   -- ------------------------------------- 1.0/14.4 MB 6.1 MB/s eta 0:00:03
   -------- ------------------------------- 3.1/14.4 MB 8.3 MB/s eta 0:00:02
   --------------- ------------------------ 5.5/14.4 MB 8.9 MB/s eta 0:00:01
   ---------------------- ----------------- 8.1/14.4 MB 9.8 MB/s eta 0:00:01
   ----------------------------- ---------- 10.7/14.4 MB 10.4 MB/s eta 0:00:01
   ------------------------------------- -- 13.6/14.4 MB 10.8 MB/s eta 0:00:01
   ---------------------------------------- 14.4/14.4 MB 10.6 MB/s  0:00:01
Downloading catalogue-2.0.10-py3-none-any.whl (17 kB)
Downloading cymem-2.0.13-cp314-cp314-win_amd64.whl (40 kB)
Downloading murmurhash-1.0.15-cp314-cp314-win_amd64.whl (26 kB)
Downloading preshed-3.0.12-cp314-cp314-win_amd64.whl (120 kB)
Downloading spacy_legacy-3.0.12-py2.py3-none-any.whl (29 kB)
Downloading spacy_loggers-1.0.5-py3-none-any.whl (22 kB)
Downloading srsly-2.5.2-cp314-cp314-win_amd64.whl (658 kB)
   ---------------------------------------- 0.0/658.9 kB ? eta -:--:--
   ---------------------------------------- 658.9/658.9 kB 8.6 MB/s  0:00:00
Downloading thinc-8.3.10-cp314-cp314-win_amd64.whl (1.7 MB)
   ---------------------------------------- 0.0/1.7 MB ? eta -:--:--
   ---------------------------------------- 1.7/1.7 MB 10.5 MB/s  0:00:00
Downloading blis-1.3.3-cp314-cp314-win_amd64.whl (6.3 MB)
   ---------------------------------------- 0.0/6.3 MB ? eta -:--:--
   ---------------- ----------------------- 2.6/6.3 MB 12.9 MB/s eta 0:00:01
   ---------------------------- ----------- 4.5/6.3 MB 11.1 MB/s eta 0:00:01
   ---------------------------------------- 6.3/6.3 MB 11.0 MB/s  0:00:00
Downloading confection-0.1.5-py3-none-any.whl (35 kB)
Downloading typer_slim-0.21.1-py3-none-any.whl (47 kB)
Downloading wasabi-1.1.3-py3-none-any.whl (27 kB)
Downloading weasel-0.4.3-py3-none-any.whl (50 kB)
Downloading cloudpathlib-0.23.0-py3-none-any.whl (62 kB)
Downloading smart_open-7.5.0-py3-none-any.whl (63 kB)
Downloading wrapt-2.0.1-cp314-cp314-win_amd64.whl (60 kB)
Installing collected packages: wrapt, wasabi, spacy-loggers, spacy-legacy, murmurhash, cymem, cloudpathlib, catalogue, blis, typer-slim, srsly, smart-open, preshed, confection, weasel, thinc, spacy

   ----------------------------------------  0/17 [wrapt]
   -- -------------------------------------  1/17 [wasabi]
   -- -------------------------------------  1/17 [wasabi]
   -- -------------------------------------  1/17 [wasabi]
   ---- -----------------------------------  2/17 [spacy-loggers]
   ---- -----------------------------------  2/17 [spacy-loggers]
   ---- -----------------------------------  2/17 [spacy-loggers]
   ------- --------------------------------  3/17 [spacy-legacy]
   ------- --------------------------------  3/17 [spacy-legacy]
   ------- --------------------------------  3/17 [spacy-legacy]
   --------- ------------------------------  4/17 [murmurhash]
   ----------- ----------------------------  5/17 [cymem]
   -------------- -------------------------  6/17 [cloudpathlib]
   -------------- -------------------------  6/17 [cloudpathlib]
   -------------- -------------------------  6/17 [cloudpathlib]
   -------------- -------------------------  6/17 [cloudpathlib]
   -------------- -------------------------  6/17 [cloudpathlib]
   ---------------- -----------------------  7/17 [catalogue]
   ------------------ ---------------------  8/17 [blis]
   ------------------ ---------------------  8/17 [blis]
   --------------------- ------------------  9/17 [typer-slim]
   --------------------- ------------------  9/17 [typer-slim]
   --------------------- ------------------  9/17 [typer-slim]
   --------------------- ------------------  9/17 [typer-slim]
   ----------------------- ---------------- 10/17 [srsly]
   ----------------------- ---------------- 10/17 [srsly]
   ----------------------- ---------------- 10/17 [srsly]
   ----------------------- ---------------- 10/17 [srsly]
   ----------------------- ---------------- 10/17 [srsly]
   ----------------------- ---------------- 10/17 [srsly]
   ----------------------- ---------------- 10/17 [srsly]
   ----------------------- ---------------- 10/17 [srsly]
   ----------------------- ---------------- 10/17 [srsly]
   ----------------------- ---------------- 10/17 [srsly]
   ----------------------- ---------------- 10/17 [srsly]
   ----------------------- ---------------- 10/17 [srsly]
   ----------------------- ---------------- 10/17 [srsly]
   ----------------------- ---------------- 10/17 [srsly]
   ----------------------- ---------------- 10/17 [srsly]
   ----------------------- ---------------- 10/17 [srsly]
   ----------------------- ---------------- 10/17 [srsly]
   ----------------------- ---------------- 10/17 [srsly]
   ----------------------- ---------------- 10/17 [srsly]
   ----------------------- ---------------- 10/17 [srsly]
   ----------------------- ---------------- 10/17 [srsly]
   ------------------------- -------------- 11/17 [smart-open]
   ------------------------- -------------- 11/17 [smart-open]
   ------------------------- -------------- 11/17 [smart-open]
   ---------------------------- ----------- 12/17 [preshed]
   ------------------------------ --------- 13/17 [confection]
   ------------------------------ --------- 13/17 [confection]
   -------------------------------- ------- 14/17 [weasel]
   -------------------------------- ------- 14/17 [weasel]
   -------------------------------- ------- 14/17 [weasel]
   -------------------------------- ------- 14/17 [weasel]
   -------------------------------- ------- 14/17 [weasel]
   -------------------------------- ------- 14/17 [weasel]
   ----------------------------------- ---- 15/17 [thinc]
   ----------------------------------- ---- 15/17 [thinc]
   ----------------------------------- ---- 15/17 [thinc]
   ----------------------------------- ---- 15/17 [thinc]
   ----------------------------------- ---- 15/17 [thinc]
   ----------------------------------- ---- 15/17 [thinc]
   ----------------------------------- ---- 15/17 [thinc]
   ----------------------------------- ---- 15/17 [thinc]
   ----------------------------------- ---- 15/17 [thinc]
   ----------------------------------- ---- 15/17 [thinc]
   ----------------------------------- ---- 15/17 [thinc]
   ----------------------------------- ---- 15/17 [thinc]
   ----------------------------------- ---- 15/17 [thinc]
   ----------------------------------- ---- 15/17 [thinc]
   ----------------------------------- ---- 15/17 [thinc]
   ----------------------------------- ---- 15/17 [thinc]
   ----------------------------------- ---- 15/17 [thinc]
   ----------------------------------- ---- 15/17 [thinc]
   ----------------------------------- ---- 15/17 [thinc]
   ----------------------------------- ---- 15/17 [thinc]
   ----------------------------------- ---- 15/17 [thinc]
   ----------------------------------- ---- 15/17 [thinc]
   ----------------------------------- ---- 15/17 [thinc]
   ----------------------------------- ---- 15/17 [thinc]
   ----------------------------------- ---- 15/17 [thinc]
   ----------------------------------- ---- 15/17 [thinc]
   ----------------------------------- ---- 15/17 [thinc]
   ----------------------------------- ---- 15/17 [thinc]
   ----------------------------------- ---- 15/17 [thinc]
   ------------------------------------- -- 16/17 [spacy]
   ------------------------------------- -- 16/17 [spacy]
   ------------------------------------- -- 16/17 [spacy]
   ------------------------------------- -- 16/17 [spacy]
   ------------------------------------- -- 16/17 [spacy]
   ------------------------------------- -- 16/17 [spacy]
   ------------------------------------- -- 16/17 [spacy]
   ------------------------------------- -- 16/17 [spacy]
   ------------------------------------- -- 16/17 [spacy]
   ------------------------------------- -- 16/17 [spacy]
   ------------------------------------- -- 16/17 [spacy]
   ------------------------------------- -- 16/17 [spacy]
   ------------------------------------- -- 16/17 [spacy]
   ------------------------------------- -- 16/17 [spacy]
   ------------------------------------- -- 16/17 [spacy]
   ------------------------------------- -- 16/17 [spacy]
   ------------------------------------- -- 16/17 [spacy]
   ------------------------------------- -- 16/17 [spacy]
   ------------------------------------- -- 16/17 [spacy]
   ------------------------------------- -- 16/17 [spacy]
   ------------------------------------- -- 16/17 [spacy]
   ------------------------------------- -- 16/17 [spacy]
   ------------------------------------- -- 16/17 [spacy]
   ------------------------------------- -- 16/17 [spacy]
   ------------------------------------- -- 16/17 [spacy]
   ------------------------------------- -- 16/17 [spacy]
   ------------------------------------- -- 16/17 [spacy]
   ------------------------------------- -- 16/17 [spacy]
   ------------------------------------- -- 16/17 [spacy]
   ------------------------------------- -- 16/17 [spacy]
   ------------------------------------- -- 16/17 [spacy]
   ------------------------------------- -- 16/17 [spacy]
   ------------------------------------- -- 16/17 [spacy]
   ------------------------------------- -- 16/17 [spacy]
   ------------------------------------- -- 16/17 [spacy]
   ------------------------------------- -- 16/17 [spacy]
   ------------------------------------- -- 16/17 [spacy]
   ------------------------------------- -- 16/17 [spacy]
   ------------------------------------- -- 16/17 [spacy]
   ------------------------------------- -- 16/17 [spacy]
   ------------------------------------- -- 16/17 [spacy]
   ------------------------------------- -- 16/17 [spacy]
   ------------------------------------- -- 16/17 [spacy]
   ------------------------------------- -- 16/17 [spacy]
   ------------------------------------- -- 16/17 [spacy]
   ------------------------------------- -- 16/17 [spacy]
   ------------------------------------- -- 16/17 [spacy]
   ------------------------------------- -- 16/17 [spacy]
   ------------------------------------- -- 16/17 [spacy]
   ------------------------------------- -- 16/17 [spacy]
   ------------------------------------- -- 16/17 [spacy]
   ------------------------------------- -- 16/17 [spacy]
   ------------------------------------- -- 16/17 [spacy]
   ------------------------------------- -- 16/17 [spacy]
   ------------------------------------- -- 16/17 [spacy]
   ------------------------------------- -- 16/17 [spacy]
   ------------------------------------- -- 16/17 [spacy]
   ------------------------------------- -- 16/17 [spacy]
   ------------------------------------- -- 16/17 [spacy]
   ------------------------------------- -- 16/17 [spacy]
   ------------------------------------- -- 16/17 [spacy]
   ------------------------------------- -- 16/17 [spacy]
   ------------------------------------- -- 16/17 [spacy]
   ------------------------------------- -- 16/17 [spacy]
   ------------------------------------- -- 16/17 [spacy]
   ------------------------------------- -- 16/17 [spacy]
   ------------------------------------- -- 16/17 [spacy]
   ------------------------------------- -- 16/17 [spacy]
   ------------------------------------- -- 16/17 [spacy]
   ------------------------------------- -- 16/17 [spacy]
   ------------------------------------- -- 16/17 [spacy]
   ------------------------------------- -- 16/17 [spacy]
   ------------------------------------- -- 16/17 [spacy]
   ------------------------------------- -- 16/17 [spacy]
   ------------------------------------- -- 16/17 [spacy]
   ------------------------------------- -- 16/17 [spacy]
   ------------------------------------- -- 16/17 [spacy]
   ------------------------------------- -- 16/17 [spacy]
   ------------------------------------- -- 16/17 [spacy]
   ------------------------------------- -- 16/17 [spacy]
   ------------------------------------- -- 16/17 [spacy]
   ------------------------------------- -- 16/17 [spacy]
   ------------------------------------- -- 16/17 [spacy]
   ------------------------------------- -- 16/17 [spacy]
   ------------------------------------- -- 16/17 [spacy]
   ------------------------------------- -- 16/17 [spacy]
   ------------------------------------- -- 16/17 [spacy]
   ------------------------------------- -- 16/17 [spacy]
   ------------------------------------- -- 16/17 [spacy]
   ------------------------------------- -- 16/17 [spacy]
   ------------------------------------- -- 16/17 [spacy]
   ------------------------------------- -- 16/17 [spacy]
   ------------------------------------- -- 16/17 [spacy]
   ------------------------------------- -- 16/17 [spacy]
   ------------------------------------- -- 16/17 [spacy]
   ------------------------------------- -- 16/17 [spacy]
   ------------------------------------- -- 16/17 [spacy]
   ------------------------------------- -- 16/17 [spacy]
   ------------------------------------- -- 16/17 [spacy]
   ------------------------------------- -- 16/17 [spacy]
   ------------------------------------- -- 16/17 [spacy]
   ------------------------------------- -- 16/17 [spacy]
   ------------------------------------- -- 16/17 [spacy]
   ------------------------------------- -- 16/17 [spacy]
   ------------------------------------- -- 16/17 [spacy]
   ------------------------------------- -- 16/17 [spacy]
   ------------------------------------- -- 16/17 [spacy]
   ------------------------------------- -- 16/17 [spacy]
   ------------------------------------- -- 16/17 [spacy]
   ------------------------------------- -- 16/17 [spacy]
   ------------------------------------- -- 16/17 [spacy]
   ------------------------------------- -- 16/17 [spacy]
   ------------------------------------- -- 16/17 [spacy]
   ------------------------------------- -- 16/17 [spacy]
   ------------------------------------- -- 16/17 [spacy]
   ------------------------------------- -- 16/17 [spacy]
   ------------------------------------- -- 16/17 [spacy]
   ------------------------------------- -- 16/17 [spacy]
   ------------------------------------- -- 16/17 [spacy]
   ------------------------------------- -- 16/17 [spacy]
   ------------------------------------- -- 16/17 [spacy]
   ------------------------------------- -- 16/17 [spacy]
   ------------------------------------- -- 16/17 [spacy]
   ------------------------------------- -- 16/17 [spacy]
   ------------------------------------- -- 16/17 [spacy]
   ------------------------------------- -- 16/17 [spacy]
   ------------------------------------- -- 16/17 [spacy]
   ------------------------------------- -- 16/17 [spacy]
   ------------------------------------- -- 16/17 [spacy]
   ------------------------------------- -- 16/17 [spacy]
   ------------------------------------- -- 16/17 [spacy]
   ------------------------------------- -- 16/17 [spacy]
   ------------------------------------- -- 16/17 [spacy]
   ------------------------------------- -- 16/17 [spacy]
   ------------------------------------- -- 16/17 [spacy]
   ------------------------------------- -- 16/17 [spacy]
   ------------------------------------- -- 16/17 [spacy]
   ------------------------------------- -- 16/17 [spacy]
   ---------------------------------------- 17/17 [spacy]

Successfully installed blis-1.3.3 catalogue-2.0.10 cloudpathlib-0.23.0 confection-0.1.5 cymem-2.0.13 murmurhash-1.0.15 preshed-3.0.12 smart-open-7.5.0 spacy-3.8.11 spacy-legacy-3.0.12 spacy-loggers-1.0.5 srsly-2.5.2 thinc-8.3.10 typer-slim-0.21.1 wasabi-1.1.3 weasel-0.4.3 wrapt-2.0.1
Requirement already satisfied: spacy[transformers] in c:\users\shtando\appdata\roaming\python\python314\site-packages (3.8.11)
Requirement already satisfied: spacy-legacy<3.1.0,>=3.0.11 in c:\users\shtando\appdata\roaming\python\python314\site-packages (from spacy[transformers]) (3.0.12)
Requirement already satisfied: spacy-loggers<2.0.0,>=1.0.0 in c:\users\shtando\appdata\roaming\python\python314\site-packages (from spacy[transformers]) (1.0.5)
Requirement already satisfied: murmurhash<1.1.0,>=0.28.0 in c:\users\shtando\appdata\roaming\python\python314\site-packages (from spacy[transformers]) (1.0.15)
Requirement already satisfied: cymem<2.1.0,>=2.0.2 in c:\users\shtando\appdata\roaming\python\python314\site-packages (from spacy[transformers]) (2.0.13)
Requirement already satisfied: preshed<3.1.0,>=3.0.2 in c:\users\shtando\appdata\roaming\python\python314\site-packages (from spacy[transformers]) (3.0.12)
Requirement already satisfied: thinc<8.4.0,>=8.3.4 in c:\users\shtando\appdata\roaming\python\python314\site-packages (from spacy[transformers]) (8.3.10)
Requirement already satisfied: wasabi<1.2.0,>=0.9.1 in c:\users\shtando\appdata\roaming\python\python314\site-packages (from spacy[transformers]) (1.1.3)
Requirement already satisfied: srsly<3.0.0,>=2.4.3 in c:\users\shtando\appdata\roaming\python\python314\site-packages (from spacy[transformers]) (2.5.2)
Requirement already satisfied: catalogue<2.1.0,>=2.0.6 in c:\users\shtando\appdata\roaming\python\python314\site-packages (from spacy[transformers]) (2.0.10)
Requirement already satisfied: weasel<0.5.0,>=0.4.2 in c:\users\shtando\appdata\roaming\python\python314\site-packages (from spacy[transformers]) (0.4.3)
Requirement already satisfied: typer-slim<1.0.0,>=0.3.0 in c:\users\shtando\appdata\roaming\python\python314\site-packages (from spacy[transformers]) (0.21.1)
Requirement already satisfied: tqdm<5.0.0,>=4.38.0 in c:\users\shtando\appdata\local\programs\python\python314\lib\site-packages (from spacy[transformers]) (4.67.1)
Requirement already satisfied: numpy>=1.19.0 in c:\users\shtando\appdata\local\programs\python\python314\lib\site-packages (from spacy[transformers]) (2.3.4)
Requirement already satisfied: requests<3.0.0,>=2.13.0 in c:\users\shtando\appdata\local\programs\python\python314\lib\site-packages (from spacy[transformers]) (2.32.5)
Requirement already satisfied: pydantic!=1.8,!=1.8.1,<3.0.0,>=1.7.4 in c:\users\shtando\appdata\local\programs\python\python314\lib\site-packages (from spacy[transformers]) (2.12.3)
Requirement already satisfied: jinja2 in c:\users\shtando\appdata\local\programs\python\python314\lib\site-packages (from spacy[transformers]) (3.1.6)
Requirement already satisfied: setuptools in c:\users\shtando\appdata\local\programs\python\python314\lib\site-packages (from spacy[transformers]) (80.9.0)
Requirement already satisfied: packaging>=20.0 in c:\users\shtando\appdata\roaming\python\python314\site-packages (from spacy[transformers]) (25.0)
Collecting spacy_transformers<1.4.0,>=1.1.2 (from spacy[transformers])
  Downloading spacy_transformers-1.3.5.tar.gz (49 kB)
  Installing build dependencies: started
  Installing build dependencies: finished with status 'done'
  Getting requirements to build wheel: started
  Getting requirements to build wheel: finished with status 'done'
  Preparing metadata (pyproject.toml): started
  Preparing metadata (pyproject.toml): finished with status 'done'
Requirement already satisfied: annotated-types>=0.6.0 in c:\users\shtando\appdata\local\programs\python\python314\lib\site-packages (from pydantic!=1.8,!=1.8.1,<3.0.0,>=1.7.4->spacy[transformers]) (0.7.0)
Requirement already satisfied: pydantic-core==2.41.4 in c:\users\shtando\appdata\local\programs\python\python314\lib\site-packages (from pydantic!=1.8,!=1.8.1,<3.0.0,>=1.7.4->spacy[transformers]) (2.41.4)
Requirement already satisfied: typing-extensions>=4.14.1 in c:\users\shtando\appdata\local\programs\python\python314\lib\site-packages (from pydantic!=1.8,!=1.8.1,<3.0.0,>=1.7.4->spacy[transformers]) (4.15.0)
Requirement already satisfied: typing-inspection>=0.4.2 in c:\users\shtando\appdata\local\programs\python\python314\lib\site-packages (from pydantic!=1.8,!=1.8.1,<3.0.0,>=1.7.4->spacy[transformers]) (0.4.2)
Requirement already satisfied: charset_normalizer<4,>=2 in c:\users\shtando\appdata\local\programs\python\python314\lib\site-packages (from requests<3.0.0,>=2.13.0->spacy[transformers]) (3.4.4)
Requirement already satisfied: idna<4,>=2.5 in c:\users\shtando\appdata\local\programs\python\python314\lib\site-packages (from requests<3.0.0,>=2.13.0->spacy[transformers]) (3.11)
Requirement already satisfied: urllib3<3,>=1.21.1 in c:\users\shtando\appdata\local\programs\python\python314\lib\site-packages (from requests<3.0.0,>=2.13.0->spacy[transformers]) (2.5.0)
Requirement already satisfied: certifi>=2017.4.17 in c:\users\shtando\appdata\local\programs\python\python314\lib\site-packages (from requests<3.0.0,>=2.13.0->spacy[transformers]) (2025.10.5)
Collecting transformers<4.37.0,>=3.4.0 (from spacy_transformers<1.4.0,>=1.1.2->spacy[transformers])
  Downloading transformers-4.36.2-py3-none-any.whl.metadata (126 kB)
Requirement already satisfied: torch>=1.8.0 in c:\users\shtando\appdata\local\programs\python\python314\lib\site-packages (from spacy_transformers<1.4.0,>=1.1.2->spacy[transformers]) (2.9.0)
Collecting spacy-alignments<1.0.0,>=0.7.2 (from spacy_transformers<1.4.0,>=1.1.2->spacy[transformers])
  Downloading spacy-alignments-0.9.1.tar.gz (7.0 kB)
  Installing build dependencies: started
  Installing build dependencies: finished with status 'done'
  Getting requirements to build wheel: started
  Getting requirements to build wheel: finished with status 'done'
  Preparing metadata (pyproject.toml): started
  Preparing metadata (pyproject.toml): finished with status 'done'
Requirement already satisfied: blis<1.4.0,>=1.3.0 in c:\users\shtando\appdata\roaming\python\python314\site-packages (from thinc<8.4.0,>=8.3.4->spacy[transformers]) (1.3.3)
Requirement already satisfied: confection<1.0.0,>=0.0.1 in c:\users\shtando\appdata\roaming\python\python314\site-packages (from thinc<8.4.0,>=8.3.4->spacy[transformers]) (0.1.5)
Requirement already satisfied: colorama in c:\users\shtando\appdata\roaming\python\python314\site-packages (from tqdm<5.0.0,>=4.38.0->spacy[transformers]) (0.4.6)
Requirement already satisfied: filelock in c:\users\shtando\appdata\local\programs\python\python314\lib\site-packages (from transformers<4.37.0,>=3.4.0->spacy_transformers<1.4.0,>=1.1.2->spacy[transformers]) (3.20.0)
Requirement already satisfied: huggingface-hub<1.0,>=0.19.3 in c:\users\shtando\appdata\local\programs\python\python314\lib\site-packages (from transformers<4.37.0,>=3.4.0->spacy_transformers<1.4.0,>=1.1.2->spacy[transformers]) (0.35.3)
Requirement already satisfied: pyyaml>=5.1 in c:\users\shtando\appdata\local\programs\python\python314\lib\site-packages (from transformers<4.37.0,>=3.4.0->spacy_transformers<1.4.0,>=1.1.2->spacy[transformers]) (6.0.3)
Requirement already satisfied: regex!=2019.12.17 in c:\users\shtando\appdata\local\programs\python\python314\lib\site-packages (from transformers<4.37.0,>=3.4.0->spacy_transformers<1.4.0,>=1.1.2->spacy[transformers]) (2025.9.18)
Collecting tokenizers<0.19,>=0.14 (from transformers<4.37.0,>=3.4.0->spacy_transformers<1.4.0,>=1.1.2->spacy[transformers])
  Downloading tokenizers-0.15.2.tar.gz (320 kB)
  Installing build dependencies: started
  Installing build dependencies: finished with status 'done'
  Getting requirements to build wheel: started
  Getting requirements to build wheel: finished with status 'done'
  Installing backend dependencies: started
  Installing backend dependencies: finished with status 'done'
  Preparing metadata (pyproject.toml): started
  Preparing metadata (pyproject.toml): finished with status 'error'
  error: subprocess-exited-with-error
  
  Ã— Preparing metadata (pyproject.toml) did not run successfully.
  â”‚ exit code: 1
  â•°â”€> [92 lines of output]
      pip_system_certs: ERROR: truststore not available
      Checking for Rust toolchain....
      Rust not found, installing into a temporary directory
      Python reports SOABI: cp314-win_amd64
      Computed rustc target triple: x86_64-pc-windows-msvc
      Installation directory: C:\Users\SHTANDO\AppData\Local\puccinialin\puccinialin\Cache
      Downloading rustup-init from https://static.rust-lang.org/rustup/dist/x86_64-pc-windows-msvc/rustup-init.exe
      Traceback (most recent call last):
        File [35m"C:\Users\SHTANDO\AppData\Local\Temp\pip-build-env-kepaeodl\normal\Lib\site-packages\httpx\_transports\default.py"[0m, line [35m101[0m, in [35mmap_httpcore_exceptions[0m
          yield
        File [35m"C:\Users\SHTANDO\AppData\Local\Temp\pip-build-env-kepaeodl\normal\Lib\site-packages\httpx\_transports\default.py"[0m, line [35m250[0m, in [35mhandle_request[0m
          resp = self._pool.handle_request(req)
        File [35m"C:\Users\SHTANDO\AppData\Local\Temp\pip-build-env-kepaeodl\normal\Lib\site-packages\httpcore\_sync\connection_pool.py"[0m, line [35m256[0m, in [35mhandle_request[0m
          raise exc from None
        File [35m"C:\Users\SHTANDO\AppData\Local\Temp\pip-build-env-kepaeodl\normal\Lib\site-packages\httpcore\_sync\connection_pool.py"[0m, line [35m236[0m, in [35mhandle_request[0m
          response = connection.handle_request(
              pool_request.request
          )
        File [35m"C:\Users\SHTANDO\AppData\Local\Temp\pip-build-env-kepaeodl\normal\Lib\site-packages\httpcore\_sync\connection.py"[0m, line [35m101[0m, in [35mhandle_request[0m
          raise exc
        File [35m"C:\Users\SHTANDO\AppData\Local\Temp\pip-build-env-kepaeodl\normal\Lib\site-packages\httpcore\_sync\connection.py"[0m, line [35m78[0m, in [35mhandle_request[0m
          stream = self._connect(request)
        File [35m"C:\Users\SHTANDO\AppData\Local\Temp\pip-build-env-kepaeodl\normal\Lib\site-packages\httpcore\_sync\connection.py"[0m, line [35m156[0m, in [35m_connect[0m
          stream = stream.start_tls(**kwargs)
        File [35m"C:\Users\SHTANDO\AppData\Local\Temp\pip-build-env-kepaeodl\normal\Lib\site-packages\httpcore\_backends\sync.py"[0m, line [35m154[0m, in [35mstart_tls[0m
          with [31mmap_exceptions[0m[1;31m(exc_map)[0m:
               [31m~~~~~~~~~~~~~~[0m[1;31m^^^^^^^^^[0m
        File [35m"c:\Users\SHTANDO\AppData\Local\Programs\Python\Python314\Lib\contextlib.py"[0m, line [35m162[0m, in [35m__exit__[0m
          [31mself.gen.throw[0m[1;31m(value)[0m
          [31m~~~~~~~~~~~~~~[0m[1;31m^^^^^^^[0m
        File [35m"C:\Users\SHTANDO\AppData\Local\Temp\pip-build-env-kepaeodl\normal\Lib\site-packages\httpcore\_exceptions.py"[0m, line [35m14[0m, in [35mmap_exceptions[0m
          raise to_exc(exc) from exc
      [1;35mhttpcore.ConnectError[0m: [35m[SSL: CERTIFICATE_VERIFY_FAILED] certificate verify failed: self-signed certificate in certificate chain (_ssl.c:1077)[0m
      
      The above exception was the direct cause of the following exception:
      
      Traceback (most recent call last):
        File [35m"c:\Users\SHTANDO\AppData\Local\Programs\Python\Python314\Lib\site-packages\pip\_vendor\pyproject_hooks\_in_process\_in_process.py"[0m, line [35m389[0m, in [35m<module>[0m
          [31mmain[0m[1;31m()[0m
          [31m~~~~[0m[1;31m^^[0m
        File [35m"c:\Users\SHTANDO\AppData\Local\Programs\Python\Python314\Lib\site-packages\pip\_vendor\pyproject_hooks\_in_process\_in_process.py"[0m, line [35m373[0m, in [35mmain[0m
          json_out["return_val"] = [31mhook[0m[1;31m(**hook_input["kwargs"])[0m
                                   [31m~~~~[0m[1;31m^^^^^^^^^^^^^^^^^^^^^^^^[0m
        File [35m"c:\Users\SHTANDO\AppData\Local\Programs\Python\Python314\Lib\site-packages\pip\_vendor\pyproject_hooks\_in_process\_in_process.py"[0m, line [35m175[0m, in [35mprepare_metadata_for_build_wheel[0m
          return hook(metadata_directory, config_settings)
        File [35m"C:\Users\SHTANDO\AppData\Local\Temp\pip-build-env-kepaeodl\overlay\Lib\site-packages\maturin\__init__.py"[0m, line [35m190[0m, in [35mprepare_metadata_for_build_wheel[0m
          output = subprocess.check_output(["cargo", "--version"], env=[31m_get_env[0m[1;31m()[0m).decode("utf-8", "ignore")
                                                                       [31m~~~~~~~~[0m[1;31m^^[0m
        File [35m"C:\Users\SHTANDO\AppData\Local\Temp\pip-build-env-kepaeodl\overlay\Lib\site-packages\maturin\__init__.py"[0m, line [35m75[0m, in [35m_get_env[0m
          extra_env = setup_rust()
        File [35m"C:\Users\SHTANDO\AppData\Local\Temp\pip-build-env-kepaeodl\normal\Lib\site-packages\puccinialin\_setup_rust.py"[0m, line [35m124[0m, in [35msetup_rust[0m
          rustup_init = download_rustup(url, rustup_init, target, file)
        File [35m"C:\Users\SHTANDO\AppData\Local\Temp\pip-build-env-kepaeodl\normal\Lib\site-packages\puccinialin\_setup_rust.py"[0m, line [35m34[0m, in [35mdownload_rustup[0m
          response = client.head(url)
        File [35m"C:\Users\SHTANDO\AppData\Local\Temp\pip-build-env-kepaeodl\normal\Lib\site-packages\httpx\_client.py"[0m, line [35m1111[0m, in [35mhead[0m
          return [31mself.request[0m[1;31m([0m
                 [31m~~~~~~~~~~~~[0m[1;31m^[0m
              [1;31m"HEAD",[0m
              [1;31m^^^^^^^[0m
          ...<7 lines>...
              [1;31mextensions=extensions,[0m
              [1;31m^^^^^^^^^^^^^^^^^^^^^^[0m
          [1;31m)[0m
          [1;31m^[0m
        File [35m"C:\Users\SHTANDO\AppData\Local\Temp\pip-build-env-kepaeodl\normal\Lib\site-packages\httpx\_client.py"[0m, line [35m825[0m, in [35mrequest[0m
          return [31mself.send[0m[1;31m(request, auth=auth, follow_redirects=follow_redirects)[0m
                 [31m~~~~~~~~~[0m[1;31m^^^^^^^^^^^^^^^^^^^^^^^^^^^^^^^^^^^^^^^^^^^^^^^^^^^^^^^[0m
        File [35m"C:\Users\SHTANDO\AppData\Local\Temp\pip-build-env-kepaeodl\normal\Lib\site-packages\httpx\_client.py"[0m, line [35m914[0m, in [35msend[0m
          response = self._send_handling_auth(
              request,
          ...<2 lines>...
              history=[],
          )
        File [35m"C:\Users\SHTANDO\AppData\Local\Temp\pip-build-env-kepaeodl\normal\Lib\site-packages\httpx\_client.py"[0m, line [35m942[0m, in [35m_send_handling_auth[0m
          response = self._send_handling_redirects(
              request,
              follow_redirects=follow_redirects,
              history=history,
          )
        File [35m"C:\Users\SHTANDO\AppData\Local\Temp\pip-build-env-kepaeodl\normal\Lib\site-packages\httpx\_client.py"[0m, line [35m979[0m, in [35m_send_handling_redirects[0m
          response = self._send_single_request(request)
        File [35m"C:\Users\SHTANDO\AppData\Local\Temp\pip-build-env-kepaeodl\normal\Lib\site-packages\httpx\_client.py"[0m, line [35m1014[0m, in [35m_send_single_request[0m
          response = transport.handle_request(request)
        File [35m"C:\Users\SHTANDO\AppData\Local\Temp\pip-build-env-kepaeodl\normal\Lib\site-packages\httpx\_transports\default.py"[0m, line [35m249[0m, in [35mhandle_request[0m
          with [31mmap_httpcore_exceptions[0m[1;31m()[0m:
               [31m~~~~~~~~~~~~~~~~~~~~~~~[0m[1;31m^^[0m
        File [35m"c:\Users\SHTANDO\AppData\Local\Programs\Python\Python314\Lib\contextlib.py"[0m, line [35m162[0m, in [35m__exit__[0m
          [31mself.gen.throw[0m[1;31m(value)[0m
          [31m~~~~~~~~~~~~~~[0m[1;31m^^^^^^^[0m
        File [35m"C:\Users\SHTANDO\AppData\Local\Temp\pip-build-env-kepaeodl\normal\Lib\site-packages\httpx\_transports\default.py"[0m, line [35m118[0m, in [35mmap_httpcore_exceptions[0m
          raise mapped_exc(message) from exc
      [1;35mhttpx.ConnectError[0m: [35m[SSL: CERTIFICATE_VERIFY_FAILED] certificate verify failed: self-signed certificate in certificate chain (_ssl.c:1077)[0m
      [end of output]
  
  note: This error originates from a subprocess, and is likely not a problem with pip.
error: metadata-generation-failed

Ã— Encountered error while generating package metadata.
â•°â”€> tokenizers

note: This is an issue with the package mentioned above, not pip.
hint: See above for details.
Collecting de-core-news-sm==3.7.0
  Downloading https://github.com/explosion/spacy-models/releases/download/de_core_news_sm-3.7.0/de_core_news_sm-3.7.0-py3-none-any.whl (14.6 MB)
     ---------------------------------------- 0.0/14.6 MB ? eta -:--:--
     -- ------------------------------------- 1.0/14.6 MB 6.2 MB/s eta 0:00:03
     ------- -------------------------------- 2.9/14.6 MB 7.9 MB/s eta 0:00:02
     ------------- -------------------------- 5.0/14.6 MB 8.6 MB/s eta 0:00:02
     -------------------- ------------------- 7.3/14.6 MB 9.5 MB/s eta 0:00:01
     -------------------------- ------------- 9.7/14.6 MB 10.0 MB/s eta 0:00:01
     -------------------------------- ------ 12.3/14.6 MB 10.4 MB/s eta 0:00:01
     --------------------------------------  14.4/14.6 MB 10.5 MB/s eta 0:00:01
     ---------------------------------------- 14.6/14.6 MB 10.3 MB/s  0:00:01
Collecting spacy<3.8.0,>=3.7.0 (from de-core-news-sm==3.7.0)
  Downloading spacy-3.7.5.tar.gz (1.3 MB)
     ---------------------------------------- 0.0/1.3 MB ? eta -:--:--
     ------------------------ --------------- 0.8/1.3 MB 4.8 MB/s eta 0:00:01
     ---------------------------------------- 1.3/1.3 MB 5.2 MB/s  0:00:00
  Installing build dependencies: started
  Installing build dependencies: still running...
  Installing build dependencies: finished with status 'error'
  error: subprocess-exited-with-error
  
  Ã— installing build dependencies for spacy did not run successfully.
  â”‚ exit code: 1
  â•°â”€> [87 lines of output]
      Ignoring numpy: markers 'python_version < "3.9"' don't match your environment
      Collecting setuptools
        Using cached setuptools-80.10.1-py3-none-any.whl.metadata (6.7 kB)
      Collecting cython<3.0,>=0.25
        Downloading Cython-0.29.37-py2.py3-none-any.whl.metadata (3.1 kB)
      Collecting cymem<2.1.0,>=2.0.2
        Using cached cymem-2.0.13-cp314-cp314-win_amd64.whl.metadata (9.9 kB)
      Collecting preshed<3.1.0,>=3.0.2
        Using cached preshed-3.0.12-cp314-cp314-win_amd64.whl.metadata (2.6 kB)
      Collecting murmurhash<1.1.0,>=0.28.0
        Using cached murmurhash-1.0.15-cp314-cp314-win_amd64.whl.metadata (2.3 kB)
      Collecting thinc<8.3.0,>=8.2.2
        Downloading thinc-8.2.5.tar.gz (193 kB)
        Installing build dependencies: started
        Installing build dependencies: still running...
        Installing build dependencies: finished with status 'error'
        error: subprocess-exited-with-error
      
        Ãƒâ€” installing build dependencies for thinc did not run successfully.
        Ã¢â€â€š exit code: 1
        Ã¢â€¢Â°Ã¢â€â‚¬> [62 lines of output]
            Ignoring numpy: markers 'python_version < "3.9"' don't match your environment
            Collecting setuptools
              Using cached setuptools-80.10.1-py3-none-any.whl.metadata (6.7 kB)
            Collecting cython<3.0,>=0.25
              Using cached Cython-0.29.37-py2.py3-none-any.whl.metadata (3.1 kB)
            Collecting murmurhash<1.1.0,>=1.0.2
              Using cached murmurhash-1.0.15-cp314-cp314-win_amd64.whl.metadata (2.3 kB)
            Collecting cymem<2.1.0,>=2.0.2
              Using cached cymem-2.0.13-cp314-cp314-win_amd64.whl.metadata (9.9 kB)
            Collecting preshed<3.1.0,>=3.0.2
              Using cached preshed-3.0.12-cp314-cp314-win_amd64.whl.metadata (2.6 kB)
            Collecting blis<0.8.0,>=0.7.8
              Downloading blis-0.7.11.tar.gz (2.9 MB)
                 ---------------------------------------- 0.0/2.9 MB ? eta -:--:--
                 -------------- ------------------------- 1.0/2.9 MB 5.8 MB/s eta 0:00:01
                 ------------------------------------ --- 2.6/2.9 MB 7.0 MB/s eta 0:00:01
                 ---------------------------------------- 2.9/2.9 MB 7.0 MB/s  0:00:00
              Installing build dependencies: started
              Installing build dependencies: finished with status 'done'
              Getting requirements to build wheel: started
              Getting requirements to build wheel: finished with status 'done'
              Preparing metadata (pyproject.toml): started
              Preparing metadata (pyproject.toml): finished with status 'done'
            Collecting numpy<2.0.0,>=1.25.0
              Downloading numpy-1.26.4.tar.gz (15.8 MB)
                 ---------------------------------------- 0.0/15.8 MB ? eta -:--:--
                 ---- ----------------------------------- 1.8/15.8 MB 9.9 MB/s eta 0:00:02
                 ---------- ----------------------------- 4.2/15.8 MB 10.6 MB/s eta 0:00:02
                 ----------------- ---------------------- 6.8/15.8 MB 11.1 MB/s eta 0:00:01
                 ----------------------- ---------------- 9.2/15.8 MB 11.0 MB/s eta 0:00:01
                 ----------------------------- --------- 11.8/15.8 MB 11.3 MB/s eta 0:00:01
                 ----------------------------------- --- 14.4/15.8 MB 11.5 MB/s eta 0:00:01
                 --------------------------------------  15.7/15.8 MB 11.0 MB/s eta 0:00:01
                 ---------------------------------------- 15.8/15.8 MB 10.7 MB/s  0:00:01
              Installing build dependencies: started
              Installing build dependencies: finished with status 'done'
              Getting requirements to build wheel: started
              Getting requirements to build wheel: finished with status 'done'
              Installing backend dependencies: started
              Installing backend dependencies: finished with status 'done'
              Preparing metadata (pyproject.toml): started
              Preparing metadata (pyproject.toml): finished with status 'error'
              error: subprocess-exited-with-error
      
              ÃƒÆ’Ã¢â‚¬â€ Preparing metadata (pyproject.toml) did not run successfully.
              ÃƒÂ¢Ã¢â‚¬\x9dÃ¢â‚¬Å¡ exit code: 1
              ÃƒÂ¢Ã¢â‚¬Â¢Ã‚Â°ÃƒÂ¢Ã¢â‚¬\x9dÃ¢â€šÂ¬> [5 lines of output]
                  pip_system_certs: ERROR: truststore not available
      
                  ('\x1b[31m',)meson-python: error: Could not find meson version 0.63.3 or newer, found pip_system_certs: ERROR: truststore not available
                  ('\x1b[31m',)meson-python: error: 1.2.99
                  ('\x1b[31m',)meson-python: error: .
                  [end of output]
      
              note: This error originates from a subprocess, and is likely not a problem with pip.
            error: metadata-generation-failed
      
            ÃƒÆ’Ã¢â‚¬â€ Encountered error while generating package metadata.
            ÃƒÂ¢Ã¢â‚¬Â¢Ã‚Â°ÃƒÂ¢Ã¢â‚¬\x9dÃ¢â€šÂ¬> numpy
      
            note: This is an issue with the package mentioned above, not pip.
            hint: See above for details.
            [end of output]
      
        note: This error originates from a subprocess, and is likely not a problem with pip.
      ERROR: Failed to build 'thinc' when installing build dependencies for thinc
      [end of output]
  
  note: This error originates from a subprocess, and is likely not a problem with pip.
ERROR: Failed to build 'spacy' when installing build dependencies for spacy
Collecting en-core-web-sm==3.7.0
  Downloading https://github.com/explosion/spacy-models/releases/download/en_core_web_sm-3.7.0/en_core_web_sm-3.7.0-py3-none-any.whl (12.8 MB)
     ---------------------------------------- 0.0/12.8 MB ? eta -:--:--
     --- ------------------------------------ 1.0/12.8 MB 7.1 MB/s eta 0:00:02
     --------- ------------------------------ 2.9/12.8 MB 8.4 MB/s eta 0:00:02
     ---------------- ----------------------- 5.2/12.8 MB 9.2 MB/s eta 0:00:01
     ---------------------- ----------------- 7.3/12.8 MB 9.4 MB/s eta 0:00:01
     ------------------------------ -------- 10.0/12.8 MB 10.1 MB/s eta 0:00:01
     ------------------------------------- - 12.3/12.8 MB 10.5 MB/s eta 0:00:01
     ---------------------------------------- 12.8/12.8 MB 10.1 MB/s  0:00:01
Collecting spacy<3.8.0,>=3.7.0 (from en-core-web-sm==3.7.0)
  Using cached spacy-3.7.5.tar.gz (1.3 MB)
  Installing build dependencies: started
  Installing build dependencies: still running...
  Installing build dependencies: finished with status 'error'
  error: subprocess-exited-with-error
  
  Ã— installing build dependencies for spacy did not run successfully.
  â”‚ exit code: 1
  â•°â”€> [74 lines of output]
      Ignoring numpy: markers 'python_version < "3.9"' don't match your environment
      Collecting setuptools
        Using cached setuptools-80.10.1-py3-none-any.whl.metadata (6.7 kB)
      Collecting cython<3.0,>=0.25
        Using cached Cython-0.29.37-py2.py3-none-any.whl.metadata (3.1 kB)
      Collecting cymem<2.1.0,>=2.0.2
        Using cached cymem-2.0.13-cp314-cp314-win_amd64.whl.metadata (9.9 kB)
      Collecting preshed<3.1.0,>=3.0.2
        Using cached preshed-3.0.12-cp314-cp314-win_amd64.whl.metadata (2.6 kB)
      Collecting murmurhash<1.1.0,>=0.28.0
        Using cached murmurhash-1.0.15-cp314-cp314-win_amd64.whl.metadata (2.3 kB)
      Collecting thinc<8.3.0,>=8.2.2
        Using cached thinc-8.2.5.tar.gz (193 kB)
        Installing build dependencies: started
        Installing build dependencies: still running...
        Installing build dependencies: finished with status 'error'
        error: subprocess-exited-with-error
      
        Ãƒâ€” installing build dependencies for thinc did not run successfully.
        Ã¢â€â€š exit code: 1
        Ã¢â€¢Â°Ã¢â€â‚¬> [49 lines of output]
            Ignoring numpy: markers 'python_version < "3.9"' don't match your environment
            Collecting setuptools
              Using cached setuptools-80.10.1-py3-none-any.whl.metadata (6.7 kB)
            Collecting cython<3.0,>=0.25
              Using cached Cython-0.29.37-py2.py3-none-any.whl.metadata (3.1 kB)
            Collecting murmurhash<1.1.0,>=1.0.2
              Using cached murmurhash-1.0.15-cp314-cp314-win_amd64.whl.metadata (2.3 kB)
            Collecting cymem<2.1.0,>=2.0.2
              Using cached cymem-2.0.13-cp314-cp314-win_amd64.whl.metadata (9.9 kB)
            Collecting preshed<3.1.0,>=3.0.2
              Using cached preshed-3.0.12-cp314-cp314-win_amd64.whl.metadata (2.6 kB)
            Collecting blis<0.8.0,>=0.7.8
              Using cached blis-0.7.11.tar.gz (2.9 MB)
              Installing build dependencies: started
              Installing build dependencies: finished with status 'done'
              Getting requirements to build wheel: started
              Getting requirements to build wheel: finished with status 'done'
              Preparing metadata (pyproject.toml): started
              Preparing metadata (pyproject.toml): finished with status 'done'
            Collecting numpy<2.0.0,>=1.25.0
              Using cached numpy-1.26.4.tar.gz (15.8 MB)
              Installing build dependencies: started
              Installing build dependencies: finished with status 'done'
              Getting requirements to build wheel: started
              Getting requirements to build wheel: finished with status 'done'
              Installing backend dependencies: started
              Installing backend dependencies: finished with status 'done'
              Preparing metadata (pyproject.toml): started
              Preparing metadata (pyproject.toml): finished with status 'error'
              error: subprocess-exited-with-error
      
              ÃƒÆ’Ã¢â‚¬â€ Preparing metadata (pyproject.toml) did not run successfully.
              ÃƒÂ¢Ã¢â‚¬\x9dÃ¢â‚¬Å¡ exit code: 1
              ÃƒÂ¢Ã¢â‚¬Â¢Ã‚Â°ÃƒÂ¢Ã¢â‚¬\x9dÃ¢â€šÂ¬> [5 lines of output]
                  pip_system_certs: ERROR: truststore not available
      
                  ('\x1b[31m',)meson-python: error: Could not find meson version 0.63.3 or newer, found pip_system_certs: ERROR: truststore not available
                  ('\x1b[31m',)meson-python: error: 1.2.99
                  ('\x1b[31m',)meson-python: error: .
                  [end of output]
      
              note: This error originates from a subprocess, and is likely not a problem with pip.
            error: metadata-generation-failed
      
            ÃƒÆ’Ã¢â‚¬â€ Encountered error while generating package metadata.
            ÃƒÂ¢Ã¢â‚¬Â¢Ã‚Â°ÃƒÂ¢Ã¢â‚¬\x9dÃ¢â€šÂ¬> numpy
      
            note: This is an issue with the package mentioned above, not pip.
            hint: See above for details.
            [end of output]
      
        note: This error originates from a subprocess, and is likely not a problem with pip.
      ERROR: Failed to build 'thinc' when installing build dependencies for thinc
      [end of output]
  
  note: This error originates from a subprocess, and is likely not a problem with pip.
ERROR: Failed to build 'spacy' when installing build dependencies for spacy
